0 info it worked if it ends with ok
1 verbose cli [ 'node', '/usr/local/bin/npm', 'install', 'zlib' ]
2 info using npm@2.5.1
3 info using node@v0.12.0
4 silly cache add args [ 'zlib', null ]
5 verbose cache add spec zlib
6 silly cache add parsed spec { raw: 'zlib',
6 silly cache add   scope: null,
6 silly cache add   name: 'zlib',
6 silly cache add   rawSpec: '',
6 silly cache add   spec: '*',
6 silly cache add   type: 'range' }
7 verbose addNamed zlib@*
8 silly addNamed semver.valid null
9 silly addNamed semver.validRange *
10 silly addNameRange { name: 'zlib', range: '*', hasData: false }
11 silly mapToRegistry name zlib
12 silly mapToRegistry using default registry
13 silly mapToRegistry registry https://registry.npmjs.org/
14 silly mapToRegistry uri https://registry.npmjs.org/zlib
15 verbose addNameRange registry:https://registry.npmjs.org/zlib not in flight; fetching
16 verbose request uri https://registry.npmjs.org/zlib
17 verbose request no auth needed
18 info attempt registry request try #1 at 5:10:10 PM
19 verbose request id 574f4e511c7b3a1b
20 verbose etag "EBQNZSBGN9EL34IT3BLYCYHQA"
21 http request GET https://registry.npmjs.org/zlib
22 info retry will retry, error on last attempt: Error: getaddrinfo ENOTFOUND registry.npmjs.org
23 info attempt registry request try #2 at 5:10:51 PM
24 verbose etag "EBQNZSBGN9EL34IT3BLYCYHQA"
25 http request GET https://registry.npmjs.org/zlib
26 info retry will retry, error on last attempt: Error: getaddrinfo ENOTFOUND registry.npmjs.org
27 info attempt registry request try #3 at 5:12:21 PM
28 verbose etag "EBQNZSBGN9EL34IT3BLYCYHQA"
29 http request GET https://registry.npmjs.org/zlib
30 silly get cb [ 304, undefined ]
31 verbose etag https://registry.npmjs.org/zlib from cache
32 verbose get saving zlib to /Users/brandonbarber/.npm/registry.npmjs.org/zlib/.cache.json
33 silly addNameRange number 2 { name: 'zlib', range: '*', hasData: true }
34 silly addNameRange versions [ 'zlib',
34 silly addNameRange   [ '1.0.0', '1.0.1', '1.0.2', '1.0.3', '1.0.4', '1.0.5' ] ]
35 verbose addNamed zlib@1.0.5
36 silly addNamed semver.valid 1.0.5
37 silly addNamed semver.validRange 1.0.5
38 silly cache afterAdd zlib@1.0.5
39 verbose afterAdd /Users/brandonbarber/.npm/zlib/1.0.5/package/package.json not in flight; writing
40 verbose afterAdd /Users/brandonbarber/.npm/zlib/1.0.5/package/package.json written
41 silly install resolved [ { name: 'zlib',
41 silly install resolved     description: 'Simple, synchronous deflate/inflate for buffers',
41 silly install resolved     version: '1.0.5',
41 silly install resolved     homepage: 'https://github.com/kkaefer/node-zlib',
41 silly install resolved     author: { name: 'Konstantin Käfer', email: 'kkaefer@gmail.com' },
41 silly install resolved     repository: { type: 'git', url: 'git://github.com/kkaefer/node-zlib.git' },
41 silly install resolved     engines: { node: '>=0.2.0' },
41 silly install resolved     licenses: [ [Object] ],
41 silly install resolved     main: './lib/zlib',
41 silly install resolved     _npmJsonOpts:
41 silly install resolved      { file: '/Users/kkaefer/.npm/zlib/1.0.5/package/package.json',
41 silly install resolved        contributors: false,
41 silly install resolved        serverjs: false,
41 silly install resolved        wscript: true },
41 silly install resolved     _id: 'zlib@1.0.5',
41 silly install resolved     scripts: { preinstall: 'node-waf clean || true; node-waf configure build' },
41 silly install resolved     dependencies: {},
41 silly install resolved     devDependencies: {},
41 silly install resolved     _engineSupported: true,
41 silly install resolved     _npmVersion: '1.0.23',
41 silly install resolved     _nodeVersion: 'v0.4.9',
41 silly install resolved     _defaultsLoaded: true,
41 silly install resolved     dist:
41 silly install resolved      { shasum: '6e7c972fc371c645a6afb03ab14769def114fcc0',
41 silly install resolved        tarball: 'http://registry.npmjs.org/zlib/-/zlib-1.0.5.tgz' },
41 silly install resolved     maintainers: [ [Object], [Object], [Object], [Object], [Object] ],
41 silly install resolved     directories: {},
41 silly install resolved     _shasum: '6e7c972fc371c645a6afb03ab14769def114fcc0',
41 silly install resolved     _resolved: 'https://registry.npmjs.org/zlib/-/zlib-1.0.5.tgz',
41 silly install resolved     _from: 'zlib@*',
41 silly install resolved     bugs: { url: 'https://github.com/kkaefer/node-zlib/issues' },
41 silly install resolved     readme: 'ERROR: No README data found!' } ]
42 info install zlib@1.0.5 into /Users/brandonbarber/Documents/eclipseworkspace/magsearch
43 info installOne zlib@1.0.5
44 verbose installOne of zlib to /Users/brandonbarber/Documents/eclipseworkspace/magsearch not in flight; installing
45 verbose lock using /Users/brandonbarber/.npm/_locks/zlib-06d416c62f1e5337.lock for /Users/brandonbarber/Documents/eclipseworkspace/magsearch/node_modules/zlib
46 silly install write writing zlib 1.0.5 to /Users/brandonbarber/Documents/eclipseworkspace/magsearch/node_modules/zlib
47 silly cache addNamed cb zlib@1.0.5
48 verbose unbuild node_modules/zlib
49 verbose gentlyRm vacuuming /Users/brandonbarber/Documents/eclipseworkspace/magsearch/node_modules/zlib
50 verbose tar unpack /Users/brandonbarber/.npm/zlib/1.0.5/package.tgz
51 verbose tar unpacking to /Users/brandonbarber/Documents/eclipseworkspace/magsearch/node_modules/zlib
52 verbose gentlyRm vacuuming /Users/brandonbarber/Documents/eclipseworkspace/magsearch/node_modules/zlib
53 silly gunzTarPerm modes [ '755', '644' ]
54 silly gunzTarPerm extractEntry .gitignore
55 silly gunzTarPerm extractEntry configure
56 silly gunzTarPerm extractEntry index.js
57 silly gunzTarPerm extractEntry LICENSE
58 silly gunzTarPerm extractEntry Makefile
59 silly gunzTarPerm extractEntry package.json
60 silly gunzTarPerm extractEntry README.md
61 silly gunzTarPerm extractEntry wscript
62 silly gunzTarPerm extractEntry lib/zlib.js
63 silly gunzTarPerm extractEntry src/node-zlib.cc
64 silly gunzTarPerm extractEntry test/deflate.test.js
65 silly gunzTarPerm extractEntry test/inflate.test.js
66 info preinstall zlib@1.0.5
67 verbose unsafe-perm in lifecycle true
68 info zlib@1.0.5 Failed to exec preinstall script
69 verbose unlock done using /Users/brandonbarber/.npm/_locks/zlib-06d416c62f1e5337.lock for /Users/brandonbarber/Documents/eclipseworkspace/magsearch/node_modules/zlib
70 verbose stack Error: zlib@1.0.5 preinstall: `node-waf clean || true; node-waf configure build`
70 verbose stack Exit status 127
70 verbose stack     at EventEmitter.<anonymous> (/usr/local/lib/node_modules/npm/lib/utils/lifecycle.js:213:16)
70 verbose stack     at EventEmitter.emit (events.js:110:17)
70 verbose stack     at ChildProcess.<anonymous> (/usr/local/lib/node_modules/npm/lib/utils/spawn.js:14:12)
70 verbose stack     at ChildProcess.emit (events.js:110:17)
70 verbose stack     at maybeClose (child_process.js:1008:16)
70 verbose stack     at Process.ChildProcess._handle.onexit (child_process.js:1080:5)
71 verbose pkgid zlib@1.0.5
72 verbose cwd /Users/brandonbarber/Documents/eclipseworkspace/magsearch
73 error Darwin 14.1.0
74 error argv "node" "/usr/local/bin/npm" "install" "zlib"
75 error node v0.12.0
76 error npm  v2.5.1
77 error code ELIFECYCLE
78 error zlib@1.0.5 preinstall: `node-waf clean || true; node-waf configure build`
78 error Exit status 127
79 error Failed at the zlib@1.0.5 preinstall script 'node-waf clean || true; node-waf configure build'.
79 error This is most likely a problem with the zlib package,
79 error not with npm itself.
79 error Tell the author that this fails on your system:
79 error     node-waf clean || true; node-waf configure build
79 error You can get their info via:
79 error     npm owner ls zlib
79 error There is likely additional logging output above.
80 verbose exit [ 1, true ]
81 verbose unbuild node_modules/zlib
82 info preuninstall zlib@1.0.5
83 info uninstall zlib@1.0.5
84 verbose unbuild rmStuff zlib@1.0.5 from /Users/brandonbarber/Documents/eclipseworkspace/magsearch/node_modules
85 info postuninstall zlib@1.0.5
86 verbose gentlyRm vacuuming /Users/brandonbarber/Documents/eclipseworkspace/magsearch/node_modules/zlib
87 silly gentlyRm purging /Users/brandonbarber/Documents/eclipseworkspace/magsearch/node_modules/zlib
88 silly gentlyRm quitting because other entries in /Users/brandonbarber/Documents/eclipseworkspace/magsearch/node_modules
